2023-04-17 19:49:53,482 INFO  [restartedMain] com.ashwani.restwebservicedocker.RestWebServiceDockerApplication : Starting RestWebServiceDockerApplication using Java 17.0.5 on LAPTOP-SRD1UDTD with PID 9888 (C:\Data\Practice\MyWorkspace\Java_Workspace2023\rest-web-service-docker\target\classes started by Ashwani in C:\Data\Practice\MyWorkspace\Java_Workspace2023\rest-web-service-docker)
2023-04-17 19:49:53,485 INFO  [restartedMain] com.ashwani.restwebservicedocker.RestWebServiceDockerApplication : No active profile set, falling back to 1 default profile: "default"
2023-04-17 19:49:53,564 INFO  [restartedMain] org.springframework.boot.devtools.env.DevToolsPropertyDefaultsPostProcessor : Devtools property defaults active! Set 'spring.devtools.add-properties' to 'false' to disable
2023-04-17 19:49:53,565 INFO  [restartedMain] org.springframework.boot.devtools.env.DevToolsPropertyDefaultsPostProcessor : For additional web related logging consider setting the 'logging.level.web' property to 'DEBUG'
2023-04-17 19:49:54,346 INFO  [restartedMain] org.springframework.data.repository.config.RepositoryConfigurationDelegate : Multiple Spring Data modules found, entering strict repository configuration mode
2023-04-17 19:49:54,348 INFO  [restartedMain] org.springframework.data.repository.config.RepositoryConfigurationDelegate : Bootstrapping Spring Data JDBC repositories in DEFAULT mode.
2023-04-17 19:49:54,360 INFO  [restartedMain] org.springframework.data.repository.config.RepositoryConfigurationDelegate : Finished Spring Data repository scanning in 7 ms. Found 0 JDBC repository interfaces.
2023-04-17 19:49:54,376 INFO  [restartedMain] org.springframework.data.repository.config.RepositoryConfigurationDelegate : Multiple Spring Data modules found, entering strict repository configuration mode
2023-04-17 19:49:54,379 INFO  [restartedMain] org.springframework.data.repository.config.RepositoryConfigurationDelegate : Bootstrapping Spring Data JPA repositories in DEFAULT mode.
2023-04-17 19:49:54,388 INFO  [restartedMain] org.springframework.data.repository.config.RepositoryConfigurationDelegate : Finished Spring Data repository scanning in 2 ms. Found 0 JPA repository interfaces.
2023-04-17 19:49:55,301 INFO  [restartedMain] org.springframework.boot.web.embedded.tomcat.TomcatWebServer : Tomcat initialized with port(s): 8080 (http)
2023-04-17 19:49:55,317 INFO  [restartedMain] org.apache.catalina.core.StandardService : Starting service [Tomcat]
2023-04-17 19:49:55,318 INFO  [restartedMain] org.apache.catalina.core.StandardEngine : Starting Servlet engine: [Apache Tomcat/9.0.73]
2023-04-17 19:49:55,444 INFO  [restartedMain] org.apache.catalina.core.ContainerBase.[Tomcat].[localhost].[/] : Initializing Spring embedded WebApplicationContext
2023-04-17 19:49:55,445 INFO  [restartedMain] org.springframework.boot.web.servlet.context.ServletWebServerApplicationContext : Root WebApplicationContext: initialization completed in 1879 ms
2023-04-17 19:49:55,528 INFO  [restartedMain] com.zaxxer.hikari.HikariDataSource : HikariPool-1 - Starting...
2023-04-17 19:49:55,951 INFO  [restartedMain] com.zaxxer.hikari.HikariDataSource : HikariPool-1 - Start completed.
2023-04-17 19:49:55,961 INFO  [restartedMain] org.springframework.boot.autoconfigure.h2.H2ConsoleAutoConfiguration : H2 console available at '/h2-console'. Database available at 'jdbc:mysql://localhost:3306/mytestdb'
2023-04-17 19:49:57,514 INFO  [restartedMain] org.springframework.orm.jpa.LocalContainerEntityManagerFactoryBean : Initialized JPA EntityManagerFactory for persistence unit 'default'
2023-04-17 19:49:57,719 WARN  [restartedMain] org.springframework.boot.autoconfigure.orm.jpa.JpaBaseConfiguration$JpaWebConfiguration : spring.jpa.open-in-view is enabled by default. Therefore, database queries may be performed during view rendering. Explicitly configure spring.jpa.open-in-view to disable this warning
2023-04-17 19:49:59,211 INFO  [restartedMain] org.springframework.boot.devtools.autoconfigure.OptionalLiveReloadServer : LiveReload server is running on port 35729
2023-04-17 19:49:59,274 INFO  [restartedMain] org.springframework.boot.web.embedded.tomcat.TomcatWebServer : Tomcat started on port(s): 8080 (http) with context path ''
2023-04-17 19:49:59,292 INFO  [restartedMain] com.ashwani.restwebservicedocker.RestWebServiceDockerApplication : Started RestWebServiceDockerApplication in 6.313 seconds (JVM running for 6.871)
2023-04-17 19:49:59,295 INFO  [restartedMain] com.ashwani.restwebservicedocker.controller.UserCommandLineRunner : ####################################################################################################
2023-04-17 19:49:59,297 INFO  [restartedMain] com.ashwani.restwebservicedocker.controller.UserCommandLineRunner : run method -  User is initilized into DB   IN
2023-04-17 19:49:59,390 INFO  [restartedMain] com.ashwani.restwebservicedocker.dao.UserDataJpaRepositoryImpl : addUser() IN
2023-04-17 19:49:59,452 INFO  [restartedMain] com.ashwani.restwebservicedocker.dao.UserDataJpaRepositoryImpl : addUser() OUT
2023-04-17 19:49:59,468 INFO  [restartedMain] com.ashwani.restwebservicedocker.dao.UserDataJpaRepositoryImpl : addUser() IN
2023-04-17 19:49:59,472 INFO  [restartedMain] com.ashwani.restwebservicedocker.dao.UserDataJpaRepositoryImpl : addUser() OUT
2023-04-17 19:49:59,475 INFO  [restartedMain] com.ashwani.restwebservicedocker.dao.UserDataJpaRepositoryImpl : addUser() IN
2023-04-17 19:49:59,479 INFO  [restartedMain] com.ashwani.restwebservicedocker.dao.UserDataJpaRepositoryImpl : addUser() OUT
2023-04-17 19:49:59,483 INFO  [restartedMain] com.ashwani.restwebservicedocker.dao.UserDataJpaRepositoryImpl : addUser() IN
2023-04-17 19:49:59,487 INFO  [restartedMain] com.ashwani.restwebservicedocker.dao.UserDataJpaRepositoryImpl : addUser() OUT
2023-04-17 19:49:59,491 INFO  [restartedMain] com.ashwani.restwebservicedocker.dao.UserDataJpaRepositoryImpl : addUser() IN
2023-04-17 19:49:59,497 INFO  [restartedMain] com.ashwani.restwebservicedocker.dao.UserDataJpaRepositoryImpl : addUser() OUT
2023-04-17 19:49:59,501 INFO  [restartedMain] com.ashwani.restwebservicedocker.dao.UserDataJpaRepositoryImpl : addUser() IN
2023-04-17 19:49:59,505 INFO  [restartedMain] com.ashwani.restwebservicedocker.dao.UserDataJpaRepositoryImpl : addUser() OUT
2023-04-17 19:49:59,508 INFO  [restartedMain] com.ashwani.restwebservicedocker.dao.UserDataJpaRepositoryImpl : addUser() IN
2023-04-17 19:49:59,515 INFO  [restartedMain] com.ashwani.restwebservicedocker.dao.UserDataJpaRepositoryImpl : addUser() OUT
2023-04-17 19:49:59,518 INFO  [restartedMain] com.ashwani.restwebservicedocker.controller.UserCommandLineRunner : run method -  User is initilized into DB   OUT
2023-04-17 19:49:59,518 INFO  [restartedMain] com.ashwani.restwebservicedocker.controller.UserCommandLineRunner : ####################################################################################################
2023-04-17 19:50:11,393 INFO  [http-nio-8080-exec-1] org.apache.catalina.core.ContainerBase.[Tomcat].[localhost].[/] : Initializing Spring DispatcherServlet 'dispatcherServlet'
2023-04-17 19:50:11,428 INFO  [http-nio-8080-exec-1] com.ashwani.restwebservicedocker.controller.UserRestController : getAllUsers() IN 
  
2023-04-17 19:50:11,429 INFO  [http-nio-8080-exec-1] com.ashwani.restwebservicedocker.dao.UserDataJpaRepositoryImpl : getAllUsers() IN
2023-04-17 19:50:11,512 INFO  [http-nio-8080-exec-1] com.ashwani.restwebservicedocker.dao.UserDataJpaRepositoryImpl : getAllUsers() OUT
2023-04-17 19:50:11,519 INFO  [http-nio-8080-exec-1] com.ashwani.restwebservicedocker.controller.UserRestController : getAllUsers() OUT 
  <html>

<head>

<meta charset="ISO-8859-1">

<title>Spring web application</title>

</head>

<body>

	<table border=1 style="height: 100%; width: 100%; background-color: black; color: white">

		<tr style="height: 10%">

			<td></td>

			<td><center>

					<h1>Hello Docker - Get All Users</h1>

					<br><p><h3>Hello Maven + Spring MVC + Jenkins + Docker Example</h3></p><br>

				</center></td>

			<td></td>

		</tr>
<tr  style=height: 80%><td><center>1</center></td>
<td><center>Ashwani Rawat</center></td>
<td><center>Date</center></td>
<tr>
<tr  style=height: 80%><td><center>2</center></td>
<td><center>Mahesh Kumar</center></td>
<td><center>Date</center></td>
<tr>
<tr  style=height: 80%><td><center>3</center></td>
<td><center>Vikas Dube</center></td>
<td><center>Date</center></td>
<tr>
<tr  style=height: 80%><td><center>4</center></td>
<td><center>Atik Ahamad</center></td>
<td><center>Date</center></td>
<tr>
<tr  style=height: 80%><td><center>5</center></td>
<td><center>Yogi Aditya Nath</center></td>
<td><center>Date</center></td>
<tr>
<tr  style=height: 80%><td><center>6</center></td>
<td><center>Narendra Modi</center></td>
<td><center>Date</center></td>
<tr>
<tr  style=height: 80%><td><center>7</center></td>
<td><center>Madhuri Dixit</center></td>
<td><center>Date</center></td>
<tr>
<tr  style=height: 80%><td><center>10</center></td>
<td><center>Poliyana</center></td>
<td><center>Date</center></td>
<tr>
		<tr  style="height: 10%">
			<td></td>
			<td><center>
					@Ashwani 8 April 2023
				</center></td>
			<td></td>
		</tr>
	</table>
</body>
</html>
2023-04-17 19:50:30,744 INFO  [http-nio-8080-exec-3] com.ashwani.restwebservicedocker.controller.UserRestController : getUserById() IN 
  id=5
2023-04-17 19:50:30,746 INFO  [http-nio-8080-exec-3] com.ashwani.restwebservicedocker.dao.UserDataJpaRepositoryImpl : getAllUsers() IN
2023-04-17 19:50:30,748 INFO  [http-nio-8080-exec-3] com.ashwani.restwebservicedocker.dao.UserDataJpaRepositoryImpl : getAllUsers() OUT
2023-04-17 19:50:30,758 INFO  [http-nio-8080-exec-3] com.ashwani.restwebservicedocker.controller.UserRestController : getUserById() OUT 
  <html>

<head>

<meta charset="ISO-8859-1">

<title>Spring web application</title>

</head>

<body>

	<table border=1 style="height: 100%; width: 100%; background-color: black; color: white">

		<tr style="height: 10%">

			<td></td>

			<td><center>

					<h1>Hello Docker - Get Users By ID</h1>

					<br><p><h3>Hello Maven + Spring MVC + Jenkins + Docker Example</h3></p><br>

				</center></td>

			<td></td>

		</tr>
<tr  style=height: 80%><tr  style=height: 80%><tr  style=height: 80%><tr  style=height: 80%><tr  style=height: 80%><td><center>5</center></td>
<td><center>Yogi Aditya Nath</center></td>
<td><center>Date</center></td>
<tr>
<tr  style=height: 80%><tr  style=height: 80%><tr  style=height: 80%>		<tr  style="height: 10%">
			<td></td>
			<td><center>
					@Ashwani 8 April 2023
				</center></td>
			<td></td>
		</tr>
	</table>
</body>
</html>
2023-04-17 19:53:11,759 INFO  [File Watcher] org.springframework.boot.devtools.autoconfigure.LocalDevToolsAutoConfiguration$RestartingClassPathChangeChangedEventListener : Restarting due to 1 class path change (0 additions, 0 deletions, 1 modification)
2023-04-17 19:53:11,776 INFO  [Thread-5] org.apache.catalina.core.StandardService : Stopping service [Tomcat]
2023-04-17 19:53:11,779 INFO  [Thread-5] org.apache.catalina.core.ContainerBase.[Tomcat].[localhost].[/] : Destroying Spring FrameworkServlet 'dispatcherServlet'
2023-04-17 19:53:11,792 INFO  [Thread-5] org.springframework.orm.jpa.LocalContainerEntityManagerFactoryBean : Closing JPA EntityManagerFactory for persistence unit 'default'
2023-04-17 19:53:11,798 INFO  [Thread-5] com.zaxxer.hikari.HikariDataSource : HikariPool-1 - Shutdown initiated...
2023-04-17 19:53:11,824 INFO  [Thread-5] com.zaxxer.hikari.HikariDataSource : HikariPool-1 - Shutdown completed.
2023-04-17 19:53:11,876 INFO  [restartedMain] com.ashwani.restwebservicedocker.RestWebServiceDockerApplication : RestWebServiceDockerApplication  Applicatis is started...
2023-04-17 19:53:11,949 INFO  [restartedMain] com.ashwani.restwebservicedocker.RestWebServiceDockerApplication : Starting RestWebServiceDockerApplication using Java 17.0.5 on LAPTOP-SRD1UDTD with PID 9888 (C:\Data\Practice\MyWorkspace\Java_Workspace2023\rest-web-service-docker\target\classes started by Ashwani in C:\Data\Practice\MyWorkspace\Java_Workspace2023\rest-web-service-docker)
2023-04-17 19:53:11,950 INFO  [restartedMain] com.ashwani.restwebservicedocker.RestWebServiceDockerApplication : No active profile set, falling back to 1 default profile: "default"
2023-04-17 19:53:12,338 INFO  [restartedMain] org.springframework.data.repository.config.RepositoryConfigurationDelegate : Multiple Spring Data modules found, entering strict repository configuration mode
2023-04-17 19:53:12,338 INFO  [restartedMain] org.springframework.data.repository.config.RepositoryConfigurationDelegate : Bootstrapping Spring Data JDBC repositories in DEFAULT mode.
2023-04-17 19:53:12,344 INFO  [restartedMain] org.springframework.data.repository.config.RepositoryConfigurationDelegate : Finished Spring Data repository scanning in 4 ms. Found 0 JDBC repository interfaces.
2023-04-17 19:53:12,352 INFO  [restartedMain] org.springframework.data.repository.config.RepositoryConfigurationDelegate : Multiple Spring Data modules found, entering strict repository configuration mode
2023-04-17 19:53:12,352 INFO  [restartedMain] org.springframework.data.repository.config.RepositoryConfigurationDelegate : Bootstrapping Spring Data JPA repositories in DEFAULT mode.
2023-04-17 19:53:12,359 INFO  [restartedMain] org.springframework.data.repository.config.RepositoryConfigurationDelegate : Finished Spring Data repository scanning in 5 ms. Found 0 JPA repository interfaces.
2023-04-17 19:53:12,517 INFO  [restartedMain] org.springframework.boot.web.embedded.tomcat.TomcatWebServer : Tomcat initialized with port(s): 8080 (http)
2023-04-17 19:53:12,519 INFO  [restartedMain] org.apache.catalina.core.StandardService : Starting service [Tomcat]
2023-04-17 19:53:12,519 INFO  [restartedMain] org.apache.catalina.core.StandardEngine : Starting Servlet engine: [Apache Tomcat/9.0.73]
2023-04-17 19:53:12,557 INFO  [restartedMain] org.apache.catalina.core.ContainerBase.[Tomcat].[localhost].[/] : Initializing Spring embedded WebApplicationContext
2023-04-17 19:53:12,558 INFO  [restartedMain] org.springframework.boot.web.servlet.context.ServletWebServerApplicationContext : Root WebApplicationContext: initialization completed in 604 ms
2023-04-17 19:53:12,586 INFO  [restartedMain] com.zaxxer.hikari.HikariDataSource : HikariPool-2 - Starting...
2023-04-17 19:53:12,616 INFO  [restartedMain] com.zaxxer.hikari.HikariDataSource : HikariPool-2 - Start completed.
2023-04-17 19:53:12,617 INFO  [restartedMain] org.springframework.boot.autoconfigure.h2.H2ConsoleAutoConfiguration : H2 console available at '/h2-console'. Database available at 'jdbc:mysql://localhost:3306/mytestdb'
2023-04-17 19:53:12,738 INFO  [restartedMain] org.springframework.orm.jpa.LocalContainerEntityManagerFactoryBean : Initialized JPA EntityManagerFactory for persistence unit 'default'
2023-04-17 19:53:12,827 WARN  [restartedMain] org.springframework.boot.autoconfigure.orm.jpa.JpaBaseConfiguration$JpaWebConfiguration : spring.jpa.open-in-view is enabled by default. Therefore, database queries may be performed during view rendering. Explicitly configure spring.jpa.open-in-view to disable this warning
2023-04-17 19:53:13,132 INFO  [restartedMain] org.springframework.boot.devtools.autoconfigure.OptionalLiveReloadServer : LiveReload server is running on port 35729
2023-04-17 19:53:13,147 INFO  [restartedMain] org.springframework.boot.web.embedded.tomcat.TomcatWebServer : Tomcat started on port(s): 8080 (http) with context path ''
2023-04-17 19:53:13,155 INFO  [restartedMain] com.ashwani.restwebservicedocker.RestWebServiceDockerApplication : Started RestWebServiceDockerApplication in 1.267 seconds (JVM running for 200.734)
2023-04-17 19:53:13,158 INFO  [restartedMain] com.ashwani.restwebservicedocker.controller.UserCommandLineRunner : ####################################################################################################
2023-04-17 19:53:13,158 INFO  [restartedMain] com.ashwani.restwebservicedocker.controller.UserCommandLineRunner : run method -  User is initilized into DB   IN
2023-04-17 19:53:13,169 INFO  [restartedMain] com.ashwani.restwebservicedocker.dao.UserDataJpaRepositoryImpl : addUser() IN
2023-04-17 19:53:13,174 INFO  [restartedMain] com.ashwani.restwebservicedocker.dao.UserDataJpaRepositoryImpl : addUser() OUT
2023-04-17 19:53:13,182 INFO  [restartedMain] com.ashwani.restwebservicedocker.dao.UserDataJpaRepositoryImpl : addUser() IN
2023-04-17 19:53:13,186 INFO  [restartedMain] com.ashwani.restwebservicedocker.dao.UserDataJpaRepositoryImpl : addUser() OUT
2023-04-17 19:53:13,190 INFO  [restartedMain] com.ashwani.restwebservicedocker.dao.UserDataJpaRepositoryImpl : addUser() IN
2023-04-17 19:53:13,192 INFO  [restartedMain] com.ashwani.restwebservicedocker.dao.UserDataJpaRepositoryImpl : addUser() OUT
2023-04-17 19:53:13,195 INFO  [restartedMain] com.ashwani.restwebservicedocker.dao.UserDataJpaRepositoryImpl : addUser() IN
2023-04-17 19:53:13,197 INFO  [restartedMain] com.ashwani.restwebservicedocker.dao.UserDataJpaRepositoryImpl : addUser() OUT
2023-04-17 19:53:13,200 INFO  [restartedMain] com.ashwani.restwebservicedocker.dao.UserDataJpaRepositoryImpl : addUser() IN
2023-04-17 19:53:13,202 INFO  [restartedMain] com.ashwani.restwebservicedocker.dao.UserDataJpaRepositoryImpl : addUser() OUT
2023-04-17 19:53:13,205 INFO  [restartedMain] com.ashwani.restwebservicedocker.dao.UserDataJpaRepositoryImpl : addUser() IN
2023-04-17 19:53:13,208 INFO  [restartedMain] com.ashwani.restwebservicedocker.dao.UserDataJpaRepositoryImpl : addUser() OUT
2023-04-17 19:53:13,214 INFO  [restartedMain] com.ashwani.restwebservicedocker.dao.UserDataJpaRepositoryImpl : addUser() IN
2023-04-17 19:53:13,218 INFO  [restartedMain] com.ashwani.restwebservicedocker.dao.UserDataJpaRepositoryImpl : addUser() OUT
2023-04-17 19:53:13,221 INFO  [restartedMain] com.ashwani.restwebservicedocker.dao.UserDataJpaRepositoryImpl : addUser() IN
2023-04-17 19:53:13,239 INFO  [restartedMain] com.ashwani.restwebservicedocker.dao.UserDataJpaRepositoryImpl : addUser() OUT
2023-04-17 19:53:13,268 INFO  [restartedMain] com.ashwani.restwebservicedocker.dao.UserDataJpaRepositoryImpl : addUser() IN
2023-04-17 19:53:13,271 INFO  [restartedMain] com.ashwani.restwebservicedocker.dao.UserDataJpaRepositoryImpl : addUser() OUT
2023-04-17 19:53:13,281 INFO  [restartedMain] com.ashwani.restwebservicedocker.controller.UserCommandLineRunner : run method -  User is initilized into DB   OUT
2023-04-17 19:53:13,281 INFO  [restartedMain] com.ashwani.restwebservicedocker.controller.UserCommandLineRunner : ####################################################################################################
2023-04-17 19:53:13,284 INFO  [restartedMain] org.springframework.boot.devtools.autoconfigure.ConditionEvaluationDeltaLoggingListener : Condition evaluation unchanged
2023-04-17 20:05:03,027 INFO  [File Watcher] org.springframework.boot.devtools.autoconfigure.LocalDevToolsAutoConfiguration$RestartingClassPathChangeChangedEventListener : Restarting due to 12 class path changes (0 additions, 9 deletions, 3 modifications)
2023-04-17 20:05:03,045 INFO  [Thread-7] org.apache.catalina.core.StandardService : Stopping service [Tomcat]
2023-04-17 20:05:03,057 INFO  [Thread-7] org.springframework.orm.jpa.LocalContainerEntityManagerFactoryBean : Closing JPA EntityManagerFactory for persistence unit 'default'
2023-04-17 20:05:03,058 INFO  [Thread-7] com.zaxxer.hikari.HikariDataSource : HikariPool-2 - Shutdown initiated...
2023-04-17 20:05:03,078 INFO  [Thread-7] com.zaxxer.hikari.HikariDataSource : HikariPool-2 - Shutdown completed.
2023-04-17 20:05:03,132 INFO  [restartedMain] com.ashwani.restwebservicedocker.RestWebServiceDockerApplication : RestWebServiceDockerApplication  Applicatis is started...
2023-04-17 20:05:03,237 INFO  [restartedMain] com.ashwani.restwebservicedocker.RestWebServiceDockerApplication : Starting RestWebServiceDockerApplication using Java 17.0.5 on LAPTOP-SRD1UDTD with PID 9888 (C:\Data\Practice\MyWorkspace\Java_Workspace2023\rest-web-service-docker\target\classes started by Ashwani in C:\Data\Practice\MyWorkspace\Java_Workspace2023\rest-web-service-docker)
2023-04-17 20:05:03,238 INFO  [restartedMain] com.ashwani.restwebservicedocker.RestWebServiceDockerApplication : No active profile set, falling back to 1 default profile: "default"
2023-04-17 20:05:03,931 INFO  [restartedMain] org.springframework.data.repository.config.RepositoryConfigurationDelegate : Multiple Spring Data modules found, entering strict repository configuration mode
2023-04-17 20:05:03,932 INFO  [restartedMain] org.springframework.data.repository.config.RepositoryConfigurationDelegate : Bootstrapping Spring Data JDBC repositories in DEFAULT mode.
2023-04-17 20:05:03,936 INFO  [restartedMain] org.springframework.data.repository.config.RepositoryConfigurationDelegate : Finished Spring Data repository scanning in 3 ms. Found 0 JDBC repository interfaces.
2023-04-17 20:05:03,945 INFO  [restartedMain] org.springframework.data.repository.config.RepositoryConfigurationDelegate : Multiple Spring Data modules found, entering strict repository configuration mode
2023-04-17 20:05:03,945 INFO  [restartedMain] org.springframework.data.repository.config.RepositoryConfigurationDelegate : Bootstrapping Spring Data JPA repositories in DEFAULT mode.
2023-04-17 20:05:03,949 INFO  [restartedMain] org.springframework.data.repository.config.RepositoryConfigurationDelegate : Finished Spring Data repository scanning in 3 ms. Found 0 JPA repository interfaces.
2023-04-17 20:05:04,168 INFO  [restartedMain] org.springframework.boot.web.embedded.tomcat.TomcatWebServer : Tomcat initialized with port(s): 8080 (http)
2023-04-17 20:05:04,170 INFO  [restartedMain] org.apache.catalina.core.StandardService : Starting service [Tomcat]
2023-04-17 20:05:04,170 INFO  [restartedMain] org.apache.catalina.core.StandardEngine : Starting Servlet engine: [Apache Tomcat/9.0.73]
2023-04-17 20:05:04,254 INFO  [restartedMain] org.apache.catalina.core.ContainerBase.[Tomcat].[localhost].[/] : Initializing Spring embedded WebApplicationContext
2023-04-17 20:05:04,255 INFO  [restartedMain] org.springframework.boot.web.servlet.context.ServletWebServerApplicationContext : Root WebApplicationContext: initialization completed in 1009 ms
2023-04-17 20:05:04,276 INFO  [restartedMain] com.zaxxer.hikari.HikariDataSource : HikariPool-3 - Starting...
2023-04-17 20:05:04,301 INFO  [restartedMain] com.zaxxer.hikari.HikariDataSource : HikariPool-3 - Start completed.
2023-04-17 20:05:04,302 INFO  [restartedMain] org.springframework.boot.autoconfigure.h2.H2ConsoleAutoConfiguration : H2 console available at '/h2-console'. Database available at 'jdbc:mysql://localhost:3306/mytestdb'
2023-04-17 20:05:04,368 INFO  [restartedMain] org.springframework.orm.jpa.LocalContainerEntityManagerFactoryBean : Initialized JPA EntityManagerFactory for persistence unit 'default'
2023-04-17 20:05:04,398 WARN  [restartedMain] org.springframework.boot.autoconfigure.orm.jpa.JpaBaseConfiguration$JpaWebConfiguration : spring.jpa.open-in-view is enabled by default. Therefore, database queries may be performed during view rendering. Explicitly configure spring.jpa.open-in-view to disable this warning
2023-04-17 20:05:04,733 INFO  [restartedMain] org.springframework.boot.devtools.autoconfigure.OptionalLiveReloadServer : LiveReload server is running on port 35729
2023-04-17 20:05:04,780 INFO  [restartedMain] org.springframework.boot.web.embedded.tomcat.TomcatWebServer : Tomcat started on port(s): 8080 (http) with context path ''
2023-04-17 20:05:04,796 INFO  [restartedMain] com.ashwani.restwebservicedocker.RestWebServiceDockerApplication : Started RestWebServiceDockerApplication in 1.654 seconds (JVM running for 912.375)
2023-04-17 20:05:04,799 INFO  [restartedMain] org.springframework.boot.devtools.autoconfigure.ConditionEvaluationDeltaLoggingListener : Condition evaluation unchanged
2023-04-17 20:05:06,149 INFO  [File Watcher] org.springframework.boot.devtools.autoconfigure.LocalDevToolsAutoConfiguration$RestartingClassPathChangeChangedEventListener : Restarting due to 6 class path changes (6 additions, 0 deletions, 0 modifications)
2023-04-17 20:05:06,169 INFO  [Thread-11] org.apache.catalina.core.StandardService : Stopping service [Tomcat]
2023-04-17 20:05:06,174 INFO  [Thread-11] org.springframework.orm.jpa.LocalContainerEntityManagerFactoryBean : Closing JPA EntityManagerFactory for persistence unit 'default'
2023-04-17 20:05:06,174 INFO  [Thread-11] com.zaxxer.hikari.HikariDataSource : HikariPool-3 - Shutdown initiated...
2023-04-17 20:05:06,184 INFO  [Thread-11] com.zaxxer.hikari.HikariDataSource : HikariPool-3 - Shutdown completed.
2023-04-17 20:05:06,228 INFO  [restartedMain] com.ashwani.restwebservicedocker.RestWebServiceDockerApplication : RestWebServiceDockerApplication  Applicatis is started...
2023-04-17 20:05:06,287 INFO  [restartedMain] com.ashwani.restwebservicedocker.RestWebServiceDockerApplication : Starting RestWebServiceDockerApplication using Java 17.0.5 on LAPTOP-SRD1UDTD with PID 9888 (C:\Data\Practice\MyWorkspace\Java_Workspace2023\rest-web-service-docker\target\classes started by Ashwani in C:\Data\Practice\MyWorkspace\Java_Workspace2023\rest-web-service-docker)
2023-04-17 20:05:06,288 INFO  [restartedMain] com.ashwani.restwebservicedocker.RestWebServiceDockerApplication : No active profile set, falling back to 1 default profile: "default"
2023-04-17 20:05:06,668 INFO  [restartedMain] org.springframework.data.repository.config.RepositoryConfigurationDelegate : Multiple Spring Data modules found, entering strict repository configuration mode
2023-04-17 20:05:06,669 INFO  [restartedMain] org.springframework.data.repository.config.RepositoryConfigurationDelegate : Bootstrapping Spring Data JDBC repositories in DEFAULT mode.
2023-04-17 20:05:06,675 INFO  [restartedMain] org.springframework.data.repository.config.RepositoryConfigurationDelegate : Finished Spring Data repository scanning in 5 ms. Found 0 JDBC repository interfaces.
2023-04-17 20:05:06,681 INFO  [restartedMain] org.springframework.data.repository.config.RepositoryConfigurationDelegate : Multiple Spring Data modules found, entering strict repository configuration mode
2023-04-17 20:05:06,681 INFO  [restartedMain] org.springframework.data.repository.config.RepositoryConfigurationDelegate : Bootstrapping Spring Data JPA repositories in DEFAULT mode.
2023-04-17 20:05:06,685 INFO  [restartedMain] org.springframework.data.repository.config.RepositoryConfigurationDelegate : Finished Spring Data repository scanning in 3 ms. Found 0 JPA repository interfaces.
2023-04-17 20:05:06,849 INFO  [restartedMain] org.springframework.boot.web.embedded.tomcat.TomcatWebServer : Tomcat initialized with port(s): 8080 (http)
2023-04-17 20:05:06,850 INFO  [restartedMain] org.apache.catalina.core.StandardService : Starting service [Tomcat]
2023-04-17 20:05:06,850 INFO  [restartedMain] org.apache.catalina.core.StandardEngine : Starting Servlet engine: [Apache Tomcat/9.0.73]
2023-04-17 20:05:06,888 INFO  [restartedMain] org.apache.catalina.core.ContainerBase.[Tomcat].[localhost].[/] : Initializing Spring embedded WebApplicationContext
2023-04-17 20:05:06,888 INFO  [restartedMain] org.springframework.boot.web.servlet.context.ServletWebServerApplicationContext : Root WebApplicationContext: initialization completed in 596 ms
2023-04-17 20:05:06,906 INFO  [restartedMain] com.zaxxer.hikari.HikariDataSource : HikariPool-4 - Starting...
2023-04-17 20:05:06,931 INFO  [restartedMain] com.zaxxer.hikari.HikariDataSource : HikariPool-4 - Start completed.
2023-04-17 20:05:06,931 INFO  [restartedMain] org.springframework.boot.autoconfigure.h2.H2ConsoleAutoConfiguration : H2 console available at '/h2-console'. Database available at 'jdbc:mysql://localhost:3306/mytestdb'
2023-04-17 20:05:07,036 INFO  [restartedMain] org.springframework.orm.jpa.LocalContainerEntityManagerFactoryBean : Initialized JPA EntityManagerFactory for persistence unit 'default'
2023-04-17 20:05:07,110 WARN  [restartedMain] org.springframework.boot.autoconfigure.orm.jpa.JpaBaseConfiguration$JpaWebConfiguration : spring.jpa.open-in-view is enabled by default. Therefore, database queries may be performed during view rendering. Explicitly configure spring.jpa.open-in-view to disable this warning
2023-04-17 20:05:07,514 INFO  [restartedMain] org.springframework.boot.devtools.autoconfigure.OptionalLiveReloadServer : LiveReload server is running on port 35729
2023-04-17 20:05:07,528 INFO  [restartedMain] org.springframework.boot.web.embedded.tomcat.TomcatWebServer : Tomcat started on port(s): 8080 (http) with context path ''
2023-04-17 20:05:07,533 INFO  [restartedMain] com.ashwani.restwebservicedocker.RestWebServiceDockerApplication : Started RestWebServiceDockerApplication in 1.297 seconds (JVM running for 915.112)
2023-04-17 20:05:07,535 INFO  [restartedMain] com.ashwani.restwebservicedocker.controller.UserCommandLineRunner : ####################################################################################################
2023-04-17 20:05:07,535 INFO  [restartedMain] com.ashwani.restwebservicedocker.controller.UserCommandLineRunner : run method -  User is initilized into DB   IN
2023-04-17 20:05:07,548 INFO  [restartedMain] com.ashwani.restwebservicedocker.dao.UserDataJpaRepositoryImpl : addUser() IN
2023-04-17 20:05:07,553 INFO  [restartedMain] com.ashwani.restwebservicedocker.dao.UserDataJpaRepositoryImpl : addUser() OUT
2023-04-17 20:05:07,556 INFO  [restartedMain] com.ashwani.restwebservicedocker.dao.UserDataJpaRepositoryImpl : addUser() IN
2023-04-17 20:05:07,559 INFO  [restartedMain] com.ashwani.restwebservicedocker.dao.UserDataJpaRepositoryImpl : addUser() OUT
2023-04-17 20:05:07,562 INFO  [restartedMain] com.ashwani.restwebservicedocker.dao.UserDataJpaRepositoryImpl : addUser() IN
2023-04-17 20:05:07,565 INFO  [restartedMain] com.ashwani.restwebservicedocker.dao.UserDataJpaRepositoryImpl : addUser() OUT
2023-04-17 20:05:07,568 INFO  [restartedMain] com.ashwani.restwebservicedocker.dao.UserDataJpaRepositoryImpl : addUser() IN
2023-04-17 20:05:07,571 INFO  [restartedMain] com.ashwani.restwebservicedocker.dao.UserDataJpaRepositoryImpl : addUser() OUT
2023-04-17 20:05:07,574 INFO  [restartedMain] com.ashwani.restwebservicedocker.dao.UserDataJpaRepositoryImpl : addUser() IN
2023-04-17 20:05:07,577 INFO  [restartedMain] com.ashwani.restwebservicedocker.dao.UserDataJpaRepositoryImpl : addUser() OUT
2023-04-17 20:05:07,579 INFO  [restartedMain] com.ashwani.restwebservicedocker.dao.UserDataJpaRepositoryImpl : addUser() IN
2023-04-17 20:05:07,583 INFO  [restartedMain] com.ashwani.restwebservicedocker.dao.UserDataJpaRepositoryImpl : addUser() OUT
2023-04-17 20:05:07,586 INFO  [restartedMain] com.ashwani.restwebservicedocker.dao.UserDataJpaRepositoryImpl : addUser() IN
2023-04-17 20:05:07,588 INFO  [restartedMain] com.ashwani.restwebservicedocker.dao.UserDataJpaRepositoryImpl : addUser() OUT
2023-04-17 20:05:07,591 INFO  [restartedMain] com.ashwani.restwebservicedocker.dao.UserDataJpaRepositoryImpl : addUser() IN
2023-04-17 20:05:07,594 INFO  [restartedMain] com.ashwani.restwebservicedocker.dao.UserDataJpaRepositoryImpl : addUser() OUT
2023-04-17 20:05:07,596 INFO  [restartedMain] com.ashwani.restwebservicedocker.dao.UserDataJpaRepositoryImpl : addUser() IN
2023-04-17 20:05:07,599 INFO  [restartedMain] com.ashwani.restwebservicedocker.dao.UserDataJpaRepositoryImpl : addUser() OUT
2023-04-17 20:05:07,602 INFO  [restartedMain] com.ashwani.restwebservicedocker.controller.UserCommandLineRunner : run method -  User is initilized into DB   OUT
2023-04-17 20:05:07,602 INFO  [restartedMain] com.ashwani.restwebservicedocker.controller.UserCommandLineRunner : ####################################################################################################
2023-04-17 20:05:07,604 INFO  [restartedMain] org.springframework.boot.devtools.autoconfigure.ConditionEvaluationDeltaLoggingListener : Condition evaluation unchanged
2023-04-17 20:05:08,695 INFO  [main] com.ashwani.restwebservicedocker.RestWebServiceDockerApplicationTests : Starting RestWebServiceDockerApplicationTests using Java 17.0.5 on LAPTOP-SRD1UDTD with PID 27400 (started by Ashwani in C:\Data\Practice\MyWorkspace\Java_Workspace2023\rest-web-service-docker)
2023-04-17 20:05:08,697 INFO  [main] com.ashwani.restwebservicedocker.RestWebServiceDockerApplicationTests : No active profile set, falling back to 1 default profile: "default"
2023-04-17 20:05:09,561 INFO  [main] org.springframework.data.repository.config.RepositoryConfigurationDelegate : Multiple Spring Data modules found, entering strict repository configuration mode
2023-04-17 20:05:09,563 INFO  [main] org.springframework.data.repository.config.RepositoryConfigurationDelegate : Bootstrapping Spring Data JDBC repositories in DEFAULT mode.
2023-04-17 20:05:09,579 INFO  [main] org.springframework.data.repository.config.RepositoryConfigurationDelegate : Finished Spring Data repository scanning in 10 ms. Found 0 JDBC repository interfaces.
2023-04-17 20:05:09,591 INFO  [main] org.springframework.data.repository.config.RepositoryConfigurationDelegate : Multiple Spring Data modules found, entering strict repository configuration mode
2023-04-17 20:05:09,593 INFO  [main] org.springframework.data.repository.config.RepositoryConfigurationDelegate : Bootstrapping Spring Data JPA repositories in DEFAULT mode.
2023-04-17 20:05:09,603 INFO  [main] org.springframework.data.repository.config.RepositoryConfigurationDelegate : Finished Spring Data repository scanning in 4 ms. Found 0 JPA repository interfaces.
2023-04-17 20:05:10,159 INFO  [main] com.zaxxer.hikari.HikariDataSource : HikariPool-1 - Starting...
2023-04-17 20:05:10,712 INFO  [main] com.zaxxer.hikari.HikariDataSource : HikariPool-1 - Start completed.
2023-04-17 20:05:12,085 INFO  [main] org.springframework.orm.jpa.LocalContainerEntityManagerFactoryBean : Initialized JPA EntityManagerFactory for persistence unit 'default'
2023-04-17 20:05:12,386 WARN  [main] org.springframework.boot.autoconfigure.orm.jpa.JpaBaseConfiguration$JpaWebConfiguration : spring.jpa.open-in-view is enabled by default. Therefore, database queries may be performed during view rendering. Explicitly configure spring.jpa.open-in-view to disable this warning
2023-04-17 20:05:13,684 INFO  [main] com.ashwani.restwebservicedocker.RestWebServiceDockerApplicationTests : Started RestWebServiceDockerApplicationTests in 5.353 seconds (JVM running for 6.867)
2023-04-17 20:05:13,687 INFO  [main] com.ashwani.restwebservicedocker.controller.UserCommandLineRunner : ####################################################################################################
2023-04-17 20:05:13,688 INFO  [main] com.ashwani.restwebservicedocker.controller.UserCommandLineRunner : run method -  User is initilized into DB   IN
2023-04-17 20:05:13,769 INFO  [main] com.ashwani.restwebservicedocker.dao.UserDataJpaRepositoryImpl : addUser() IN
2023-04-17 20:05:13,817 INFO  [main] com.ashwani.restwebservicedocker.dao.UserDataJpaRepositoryImpl : addUser() OUT
2023-04-17 20:05:13,830 INFO  [main] com.ashwani.restwebservicedocker.dao.UserDataJpaRepositoryImpl : addUser() IN
2023-04-17 20:05:13,831 INFO  [main] com.ashwani.restwebservicedocker.dao.UserDataJpaRepositoryImpl : addUser() OUT
2023-04-17 20:05:13,833 INFO  [main] com.ashwani.restwebservicedocker.dao.UserDataJpaRepositoryImpl : addUser() IN
2023-04-17 20:05:13,835 INFO  [main] com.ashwani.restwebservicedocker.dao.UserDataJpaRepositoryImpl : addUser() OUT
2023-04-17 20:05:13,838 INFO  [main] com.ashwani.restwebservicedocker.dao.UserDataJpaRepositoryImpl : addUser() IN
2023-04-17 20:05:13,843 INFO  [main] com.ashwani.restwebservicedocker.dao.UserDataJpaRepositoryImpl : addUser() OUT
2023-04-17 20:05:13,847 INFO  [main] com.ashwani.restwebservicedocker.dao.UserDataJpaRepositoryImpl : addUser() IN
2023-04-17 20:05:13,849 INFO  [main] com.ashwani.restwebservicedocker.dao.UserDataJpaRepositoryImpl : addUser() OUT
2023-04-17 20:05:13,851 INFO  [main] com.ashwani.restwebservicedocker.dao.UserDataJpaRepositoryImpl : addUser() IN
2023-04-17 20:05:13,854 INFO  [main] com.ashwani.restwebservicedocker.dao.UserDataJpaRepositoryImpl : addUser() OUT
2023-04-17 20:05:13,858 INFO  [main] com.ashwani.restwebservicedocker.dao.UserDataJpaRepositoryImpl : addUser() IN
2023-04-17 20:05:13,862 INFO  [main] com.ashwani.restwebservicedocker.dao.UserDataJpaRepositoryImpl : addUser() OUT
2023-04-17 20:05:13,864 INFO  [main] com.ashwani.restwebservicedocker.dao.UserDataJpaRepositoryImpl : addUser() IN
2023-04-17 20:05:13,866 INFO  [main] com.ashwani.restwebservicedocker.dao.UserDataJpaRepositoryImpl : addUser() OUT
2023-04-17 20:05:13,868 INFO  [main] com.ashwani.restwebservicedocker.dao.UserDataJpaRepositoryImpl : addUser() IN
2023-04-17 20:05:13,870 INFO  [main] com.ashwani.restwebservicedocker.dao.UserDataJpaRepositoryImpl : addUser() OUT
2023-04-17 20:05:13,873 INFO  [main] com.ashwani.restwebservicedocker.controller.UserCommandLineRunner : run method -  User is initilized into DB   OUT
2023-04-17 20:05:13,874 INFO  [main] com.ashwani.restwebservicedocker.controller.UserCommandLineRunner : ####################################################################################################
2023-04-17 20:05:14,147 INFO  [SpringApplicationShutdownHook] org.springframework.orm.jpa.LocalContainerEntityManagerFactoryBean : Closing JPA EntityManagerFactory for persistence unit 'default'
2023-04-17 20:05:14,150 INFO  [SpringApplicationShutdownHook] com.zaxxer.hikari.HikariDataSource : HikariPool-1 - Shutdown initiated...
2023-04-17 20:05:14,167 INFO  [SpringApplicationShutdownHook] com.zaxxer.hikari.HikariDataSource : HikariPool-1 - Shutdown completed.
2023-04-17 20:08:34,222 INFO  [File Watcher] org.springframework.boot.devtools.autoconfigure.LocalDevToolsAutoConfiguration$RestartingClassPathChangeChangedEventListener : Restarting due to 3 class path changes (3 additions, 0 deletions, 0 modifications)
2023-04-17 20:08:34,245 INFO  [Thread-15] org.apache.catalina.core.StandardService : Stopping service [Tomcat]
2023-04-17 20:08:34,250 INFO  [Thread-15] org.springframework.orm.jpa.LocalContainerEntityManagerFactoryBean : Closing JPA EntityManagerFactory for persistence unit 'default'
2023-04-17 20:08:34,251 INFO  [Thread-15] com.zaxxer.hikari.HikariDataSource : HikariPool-4 - Shutdown initiated...
2023-04-17 20:08:34,261 INFO  [Thread-15] com.zaxxer.hikari.HikariDataSource : HikariPool-4 - Shutdown completed.
2023-04-17 20:08:34,299 INFO  [restartedMain] com.ashwani.restwebservicedocker.RestWebServiceDockerApplication : RestWebServiceDockerApplication  Applicatis is started...
2023-04-17 20:08:34,338 INFO  [restartedMain] com.ashwani.restwebservicedocker.RestWebServiceDockerApplication : Starting RestWebServiceDockerApplication using Java 17.0.5 on LAPTOP-SRD1UDTD with PID 9888 (C:\Data\Practice\MyWorkspace\Java_Workspace2023\rest-web-service-docker\target\classes started by Ashwani in C:\Data\Practice\MyWorkspace\Java_Workspace2023\rest-web-service-docker)
2023-04-17 20:08:34,339 INFO  [restartedMain] com.ashwani.restwebservicedocker.RestWebServiceDockerApplication : No active profile set, falling back to 1 default profile: "default"
2023-04-17 20:08:34,531 INFO  [restartedMain] org.springframework.data.repository.config.RepositoryConfigurationDelegate : Multiple Spring Data modules found, entering strict repository configuration mode
2023-04-17 20:08:34,531 INFO  [restartedMain] org.springframework.data.repository.config.RepositoryConfigurationDelegate : Bootstrapping Spring Data JDBC repositories in DEFAULT mode.
2023-04-17 20:08:34,534 INFO  [restartedMain] org.springframework.data.repository.config.RepositoryConfigurationDelegate : Finished Spring Data repository scanning in 3 ms. Found 0 JDBC repository interfaces.
2023-04-17 20:08:34,539 INFO  [restartedMain] org.springframework.data.repository.config.RepositoryConfigurationDelegate : Multiple Spring Data modules found, entering strict repository configuration mode
2023-04-17 20:08:34,539 INFO  [restartedMain] org.springframework.data.repository.config.RepositoryConfigurationDelegate : Bootstrapping Spring Data JPA repositories in DEFAULT mode.
2023-04-17 20:08:34,542 INFO  [restartedMain] org.springframework.data.repository.config.RepositoryConfigurationDelegate : Finished Spring Data repository scanning in 3 ms. Found 0 JPA repository interfaces.
2023-04-17 20:08:34,649 INFO  [restartedMain] org.springframework.boot.web.embedded.tomcat.TomcatWebServer : Tomcat initialized with port(s): 8080 (http)
2023-04-17 20:08:34,650 INFO  [restartedMain] org.apache.catalina.core.StandardService : Starting service [Tomcat]
2023-04-17 20:08:34,650 INFO  [restartedMain] org.apache.catalina.core.StandardEngine : Starting Servlet engine: [Apache Tomcat/9.0.73]
2023-04-17 20:08:34,676 INFO  [restartedMain] org.apache.catalina.core.ContainerBase.[Tomcat].[localhost].[/] : Initializing Spring embedded WebApplicationContext
2023-04-17 20:08:34,676 INFO  [restartedMain] org.springframework.boot.web.servlet.context.ServletWebServerApplicationContext : Root WebApplicationContext: initialization completed in 334 ms
2023-04-17 20:08:34,688 INFO  [restartedMain] com.zaxxer.hikari.HikariDataSource : HikariPool-5 - Starting...
2023-04-17 20:08:34,704 INFO  [restartedMain] com.zaxxer.hikari.HikariDataSource : HikariPool-5 - Start completed.
2023-04-17 20:08:34,704 INFO  [restartedMain] org.springframework.boot.autoconfigure.h2.H2ConsoleAutoConfiguration : H2 console available at '/h2-console'. Database available at 'jdbc:mysql://localhost:3306/mytestdb'
2023-04-17 20:08:34,761 INFO  [restartedMain] org.springframework.orm.jpa.LocalContainerEntityManagerFactoryBean : Initialized JPA EntityManagerFactory for persistence unit 'default'
2023-04-17 20:08:34,802 WARN  [restartedMain] org.springframework.boot.autoconfigure.orm.jpa.JpaBaseConfiguration$JpaWebConfiguration : spring.jpa.open-in-view is enabled by default. Therefore, database queries may be performed during view rendering. Explicitly configure spring.jpa.open-in-view to disable this warning
2023-04-17 20:08:34,995 INFO  [restartedMain] org.springframework.boot.devtools.autoconfigure.OptionalLiveReloadServer : LiveReload server is running on port 35729
2023-04-17 20:08:35,008 INFO  [restartedMain] org.springframework.boot.web.embedded.tomcat.TomcatWebServer : Tomcat started on port(s): 8080 (http) with context path ''
2023-04-17 20:08:35,014 INFO  [restartedMain] com.ashwani.restwebservicedocker.RestWebServiceDockerApplication : Started RestWebServiceDockerApplication in 0.709 seconds (JVM running for 1122.594)
2023-04-17 20:08:35,016 INFO  [restartedMain] com.ashwani.restwebservicedocker.controller.UserCommandLineRunner : ####################################################################################################
2023-04-17 20:08:35,016 INFO  [restartedMain] com.ashwani.restwebservicedocker.controller.UserCommandLineRunner : run method -  User is initilized into DB   IN
2023-04-17 20:08:35,026 INFO  [restartedMain] com.ashwani.restwebservicedocker.dao.UserDataJpaRepositoryImpl : addUser() IN
2023-04-17 20:08:35,028 INFO  [restartedMain] com.ashwani.restwebservicedocker.dao.UserDataJpaRepositoryImpl : addUser() OUT
2023-04-17 20:08:35,030 INFO  [restartedMain] com.ashwani.restwebservicedocker.dao.UserDataJpaRepositoryImpl : addUser() IN
2023-04-17 20:08:35,032 INFO  [restartedMain] com.ashwani.restwebservicedocker.dao.UserDataJpaRepositoryImpl : addUser() OUT
2023-04-17 20:08:35,034 INFO  [restartedMain] com.ashwani.restwebservicedocker.dao.UserDataJpaRepositoryImpl : addUser() IN
2023-04-17 20:08:35,037 INFO  [restartedMain] com.ashwani.restwebservicedocker.dao.UserDataJpaRepositoryImpl : addUser() OUT
2023-04-17 20:08:35,042 INFO  [restartedMain] com.ashwani.restwebservicedocker.dao.UserDataJpaRepositoryImpl : addUser() IN
2023-04-17 20:08:35,045 INFO  [restartedMain] com.ashwani.restwebservicedocker.dao.UserDataJpaRepositoryImpl : addUser() OUT
2023-04-17 20:08:35,048 INFO  [restartedMain] com.ashwani.restwebservicedocker.dao.UserDataJpaRepositoryImpl : addUser() IN
2023-04-17 20:08:35,052 INFO  [restartedMain] com.ashwani.restwebservicedocker.dao.UserDataJpaRepositoryImpl : addUser() OUT
2023-04-17 20:08:35,057 INFO  [restartedMain] com.ashwani.restwebservicedocker.dao.UserDataJpaRepositoryImpl : addUser() IN
2023-04-17 20:08:35,060 INFO  [restartedMain] com.ashwani.restwebservicedocker.dao.UserDataJpaRepositoryImpl : addUser() OUT
2023-04-17 20:08:35,063 INFO  [restartedMain] com.ashwani.restwebservicedocker.dao.UserDataJpaRepositoryImpl : addUser() IN
2023-04-17 20:08:35,065 INFO  [restartedMain] com.ashwani.restwebservicedocker.dao.UserDataJpaRepositoryImpl : addUser() OUT
2023-04-17 20:08:35,068 INFO  [restartedMain] com.ashwani.restwebservicedocker.dao.UserDataJpaRepositoryImpl : addUser() IN
2023-04-17 20:08:35,071 INFO  [restartedMain] com.ashwani.restwebservicedocker.dao.UserDataJpaRepositoryImpl : addUser() OUT
2023-04-17 20:08:35,074 INFO  [restartedMain] com.ashwani.restwebservicedocker.dao.UserDataJpaRepositoryImpl : addUser() IN
2023-04-17 20:08:35,076 INFO  [restartedMain] com.ashwani.restwebservicedocker.dao.UserDataJpaRepositoryImpl : addUser() OUT
2023-04-17 20:08:35,078 INFO  [restartedMain] com.ashwani.restwebservicedocker.controller.UserCommandLineRunner : run method -  User is initilized into DB   OUT
2023-04-17 20:08:35,078 INFO  [restartedMain] com.ashwani.restwebservicedocker.controller.UserCommandLineRunner : ####################################################################################################
2023-04-17 20:08:35,080 INFO  [restartedMain] org.springframework.boot.devtools.autoconfigure.ConditionEvaluationDeltaLoggingListener : Condition evaluation unchanged
